2017-03-31 17:18:08,683:Mylog.log INFO :/home/ubuntu/SpellCorrect/Data[DictProducer.cc:get_files:120]
2017-03-31 17:18:08,684:Mylog.log INFO :/home/ubuntu/SpellCorrect/Data[DictProducer.cc:get_files:120]
2017-03-31 17:18:08,684:Mylog.log WARN :stat error[DictProducer.cc:get_files:126]
2017-03-31 17:19:36,306:Mylog.log INFO :/home/ubuntu/SpellCorrect/Data[DictProducer.cc:get_files:120]
2017-03-31 17:19:36,309:Mylog.log INFO :.[DictProducer.cc:get_files:129]
2017-03-31 17:19:36,310:Mylog.log INFO :/home/ubuntu/SpellCorrect/Data[DictProducer.cc:get_files:120]
2017-03-31 17:19:36,311:Mylog.log WARN :stat error[DictProducer.cc:get_files:126]
2017-03-31 17:24:34,129:Mylog.log INFO :./[DictProducer.cc:get_files:120]
2017-03-31 17:24:34,130:Mylog.log INFO :Mylog.h.gch[DictProducer.cc:get_files:129]
2017-03-31 17:24:34,130:Mylog.log INFO :./[DictProducer.cc:get_files:120]
2017-03-31 17:24:34,133:Mylog.log INFO :.[DictProducer.cc:get_files:129]
2017-03-31 17:24:34,133:Mylog.log INFO :./[DictProducer.cc:get_files:120]
2017-03-31 17:24:34,133:Mylog.log INFO :Mylog.h[DictProducer.cc:get_files:129]
2017-03-31 17:24:34,133:Mylog.log INFO :./[DictProducer.cc:get_files:120]
2017-03-31 17:24:34,134:Mylog.log INFO :DictProducer.cc[DictProducer.cc:get_files:129]
2017-03-31 17:24:34,134:Mylog.log INFO :./[DictProducer.cc:get_files:120]
2017-03-31 17:24:34,134:Mylog.log INFO :..[DictProducer.cc:get_files:129]
2017-03-31 17:24:34,134:Mylog.log INFO :./[DictProducer.cc:get_files:120]
2017-03-31 17:24:34,134:Mylog.log INFO :a.out[DictProducer.cc:get_files:129]
2017-03-31 17:24:34,134:Mylog.log INFO :./[DictProducer.cc:get_files:120]
2017-03-31 17:24:34,134:Mylog.log INFO :DictProducer.h.gch[DictProducer.cc:get_files:129]
2017-03-31 17:24:34,134:Mylog.log INFO :./[DictProducer.cc:get_files:120]
2017-03-31 17:24:34,134:Mylog.log INFO :testDict.cpp[DictProducer.cc:get_files:129]
2017-03-31 17:24:34,134:Mylog.log INFO :./[DictProducer.cc:get_files:120]
2017-03-31 17:24:34,134:Mylog.log INFO :Mylog.log[DictProducer.cc:get_files:129]
2017-03-31 17:24:34,134:Mylog.log INFO :./[DictProducer.cc:get_files:120]
2017-03-31 17:24:34,134:Mylog.log INFO :Mylog.cc[DictProducer.cc:get_files:129]
2017-03-31 17:24:34,134:Mylog.log INFO :./[DictProducer.cc:get_files:120]
2017-03-31 17:24:34,134:Mylog.log INFO :DictProducer.h[DictProducer.cc:get_files:129]
2017-03-31 17:25:35,706:Mylog.log INFO :../Data[DictProducer.cc:get_files:120]
2017-03-31 17:25:35,709:Mylog.log INFO :.[DictProducer.cc:get_files:129]
2017-03-31 17:25:35,710:Mylog.log INFO :../Data[DictProducer.cc:get_files:120]
2017-03-31 17:25:35,711:Mylog.log WARN :stat error[DictProducer.cc:get_files:126]
2017-03-31 17:47:33,943:Mylog.log INFO :.[DictProducer.cc:get_files:134]
2017-03-31 17:47:33,945:Mylog.log WARN :stat error[DictProducer.cc:get_files:131]
2017-03-31 17:48:54,554:Mylog.log INFO :.[DictProducer.cc:get_files:134]
2017-03-31 17:48:54,557:Mylog.log WARN :stat error[DictProducer.cc:get_files:131]
2017-03-31 17:54:57,859:Mylog.log INFO :.[DictProducer.cc:get_files:136]
2017-03-31 17:54:57,861:Mylog.log WARN :stat error[DictProducer.cc:get_files:132]
